[2026-01-19T00:39:15.607+0000] {processor.py:157} INFO - Started process (PID=32) to work on /opt/airflow/dags/reddit_dag.py
[2026-01-19T00:39:15.608+0000] {processor.py:829} INFO - Processing file /opt/airflow/dags/reddit_dag.py for tasks to queue
[2026-01-19T00:39:15.616+0000] {logging_mixin.py:151} INFO - [2026-01-19T00:39:15.616+0000] {dagbag.py:539} INFO - Filling up the DagBag from /opt/airflow/dags/reddit_dag.py
[2026-01-19T00:39:15.639+0000] {logging_mixin.py:151} INFO - [2026-01-19T00:39:15.636+0000] {dagbag.py:347} ERROR - Failed to import: /opt/airflow/dags/reddit_dag.py
Traceback (most recent call last):
  File "/home/airflow/.local/lib/python3.9/site-packages/airflow/models/dagbag.py", line 343, in parse
    loader.exec_module(new_module)
  File "<frozen importlib._bootstrap_external>", line 850, in exec_module
  File "<frozen importlib._bootstrap>", line 228, in _call_with_frames_removed
  File "/opt/airflow/dags/reddit_dag.py", line 30, in <module>
    extract_task = PythonOperator(
NameError: name 'PythonOperator' is not defined
[2026-01-19T00:39:15.640+0000] {processor.py:841} WARNING - No viable dags retrieved from /opt/airflow/dags/reddit_dag.py
[2026-01-19T00:39:15.662+0000] {processor.py:179} INFO - Processing /opt/airflow/dags/reddit_dag.py took 0.063 seconds
[2026-01-19T00:39:45.876+0000] {processor.py:157} INFO - Started process (PID=33) to work on /opt/airflow/dags/reddit_dag.py
[2026-01-19T00:39:45.878+0000] {processor.py:829} INFO - Processing file /opt/airflow/dags/reddit_dag.py for tasks to queue
[2026-01-19T00:39:45.880+0000] {logging_mixin.py:151} INFO - [2026-01-19T00:39:45.880+0000] {dagbag.py:539} INFO - Filling up the DagBag from /opt/airflow/dags/reddit_dag.py
[2026-01-19T00:39:45.888+0000] {logging_mixin.py:151} INFO - [2026-01-19T00:39:45.887+0000] {dagbag.py:347} ERROR - Failed to import: /opt/airflow/dags/reddit_dag.py
Traceback (most recent call last):
  File "/home/airflow/.local/lib/python3.9/site-packages/airflow/models/dagbag.py", line 343, in parse
    loader.exec_module(new_module)
  File "<frozen importlib._bootstrap_external>", line 850, in exec_module
  File "<frozen importlib._bootstrap>", line 228, in _call_with_frames_removed
  File "/opt/airflow/dags/reddit_dag.py", line 30, in <module>
    extract_task = PythonOperator(
NameError: name 'PythonOperator' is not defined
[2026-01-19T00:39:45.888+0000] {processor.py:841} WARNING - No viable dags retrieved from /opt/airflow/dags/reddit_dag.py
[2026-01-19T00:39:45.899+0000] {processor.py:179} INFO - Processing /opt/airflow/dags/reddit_dag.py took 0.026 seconds
[2026-01-19T00:39:54.968+0000] {processor.py:157} INFO - Started process (PID=34) to work on /opt/airflow/dags/reddit_dag.py
[2026-01-19T00:39:54.969+0000] {processor.py:829} INFO - Processing file /opt/airflow/dags/reddit_dag.py for tasks to queue
[2026-01-19T00:39:54.972+0000] {logging_mixin.py:151} INFO - [2026-01-19T00:39:54.972+0000] {dagbag.py:539} INFO - Filling up the DagBag from /opt/airflow/dags/reddit_dag.py
[2026-01-19T00:39:54.983+0000] {logging_mixin.py:151} INFO - [2026-01-19T00:39:54.982+0000] {dagbag.py:347} ERROR - Failed to import: /opt/airflow/dags/reddit_dag.py
Traceback (most recent call last):
  File "/home/airflow/.local/lib/python3.9/site-packages/airflow/models/dagbag.py", line 343, in parse
    loader.exec_module(new_module)
  File "<frozen importlib._bootstrap_external>", line 850, in exec_module
  File "<frozen importlib._bootstrap>", line 228, in _call_with_frames_removed
  File "/opt/airflow/dags/reddit_dag.py", line 9, in <module>
    from pipelines.aws_s3_pipeline import upload_s3_pipeline
ModuleNotFoundError: No module named 'pipelines'
[2026-01-19T00:39:54.984+0000] {processor.py:841} WARNING - No viable dags retrieved from /opt/airflow/dags/reddit_dag.py
[2026-01-19T00:39:54.998+0000] {processor.py:179} INFO - Processing /opt/airflow/dags/reddit_dag.py took 0.035 seconds
[2026-01-19T00:40:25.275+0000] {processor.py:157} INFO - Started process (PID=35) to work on /opt/airflow/dags/reddit_dag.py
[2026-01-19T00:40:25.277+0000] {processor.py:829} INFO - Processing file /opt/airflow/dags/reddit_dag.py for tasks to queue
[2026-01-19T00:40:25.285+0000] {logging_mixin.py:151} INFO - [2026-01-19T00:40:25.284+0000] {dagbag.py:539} INFO - Filling up the DagBag from /opt/airflow/dags/reddit_dag.py
[2026-01-19T00:40:25.297+0000] {logging_mixin.py:151} INFO - [2026-01-19T00:40:25.293+0000] {dagbag.py:347} ERROR - Failed to import: /opt/airflow/dags/reddit_dag.py
Traceback (most recent call last):
  File "/home/airflow/.local/lib/python3.9/site-packages/airflow/models/dagbag.py", line 343, in parse
    loader.exec_module(new_module)
  File "<frozen importlib._bootstrap_external>", line 850, in exec_module
  File "<frozen importlib._bootstrap>", line 228, in _call_with_frames_removed
  File "/opt/airflow/dags/reddit_dag.py", line 9, in <module>
    from pipelines.aws_s3_pipeline import upload_s3_pipeline
ModuleNotFoundError: No module named 'pipelines'
[2026-01-19T00:40:25.298+0000] {processor.py:841} WARNING - No viable dags retrieved from /opt/airflow/dags/reddit_dag.py
[2026-01-19T00:40:25.319+0000] {processor.py:179} INFO - Processing /opt/airflow/dags/reddit_dag.py took 0.052 seconds
[2026-01-19T00:40:55.550+0000] {processor.py:157} INFO - Started process (PID=36) to work on /opt/airflow/dags/reddit_dag.py
[2026-01-19T00:40:55.551+0000] {processor.py:829} INFO - Processing file /opt/airflow/dags/reddit_dag.py for tasks to queue
[2026-01-19T00:40:55.554+0000] {logging_mixin.py:151} INFO - [2026-01-19T00:40:55.554+0000] {dagbag.py:539} INFO - Filling up the DagBag from /opt/airflow/dags/reddit_dag.py
[2026-01-19T00:40:55.559+0000] {logging_mixin.py:151} INFO - [2026-01-19T00:40:55.558+0000] {dagbag.py:347} ERROR - Failed to import: /opt/airflow/dags/reddit_dag.py
Traceback (most recent call last):
  File "/home/airflow/.local/lib/python3.9/site-packages/airflow/models/dagbag.py", line 343, in parse
    loader.exec_module(new_module)
  File "<frozen importlib._bootstrap_external>", line 850, in exec_module
  File "<frozen importlib._bootstrap>", line 228, in _call_with_frames_removed
  File "/opt/airflow/dags/reddit_dag.py", line 9, in <module>
    from pipelines.aws_s3_pipeline import upload_s3_pipeline
ModuleNotFoundError: No module named 'pipelines'
[2026-01-19T00:40:55.560+0000] {processor.py:841} WARNING - No viable dags retrieved from /opt/airflow/dags/reddit_dag.py
[2026-01-19T00:40:55.573+0000] {processor.py:179} INFO - Processing /opt/airflow/dags/reddit_dag.py took 0.026 seconds
[2026-01-19T00:41:25.808+0000] {processor.py:157} INFO - Started process (PID=37) to work on /opt/airflow/dags/reddit_dag.py
[2026-01-19T00:41:25.809+0000] {processor.py:829} INFO - Processing file /opt/airflow/dags/reddit_dag.py for tasks to queue
[2026-01-19T00:41:25.811+0000] {logging_mixin.py:151} INFO - [2026-01-19T00:41:25.810+0000] {dagbag.py:539} INFO - Filling up the DagBag from /opt/airflow/dags/reddit_dag.py
[2026-01-19T00:41:25.814+0000] {logging_mixin.py:151} INFO - [2026-01-19T00:41:25.813+0000] {dagbag.py:347} ERROR - Failed to import: /opt/airflow/dags/reddit_dag.py
Traceback (most recent call last):
  File "/home/airflow/.local/lib/python3.9/site-packages/airflow/models/dagbag.py", line 343, in parse
    loader.exec_module(new_module)
  File "<frozen importlib._bootstrap_external>", line 850, in exec_module
  File "<frozen importlib._bootstrap>", line 228, in _call_with_frames_removed
  File "/opt/airflow/dags/reddit_dag.py", line 9, in <module>
    from pipelines.aws_s3_pipeline import upload_s3_pipeline
ModuleNotFoundError: No module named 'pipelines'
[2026-01-19T00:41:25.815+0000] {processor.py:841} WARNING - No viable dags retrieved from /opt/airflow/dags/reddit_dag.py
[2026-01-19T00:41:25.828+0000] {processor.py:179} INFO - Processing /opt/airflow/dags/reddit_dag.py took 0.022 seconds
[2026-01-19T00:41:31.915+0000] {processor.py:157} INFO - Started process (PID=38) to work on /opt/airflow/dags/reddit_dag.py
[2026-01-19T00:41:31.915+0000] {processor.py:829} INFO - Processing file /opt/airflow/dags/reddit_dag.py for tasks to queue
[2026-01-19T00:41:31.918+0000] {logging_mixin.py:151} INFO - [2026-01-19T00:41:31.918+0000] {dagbag.py:539} INFO - Filling up the DagBag from /opt/airflow/dags/reddit_dag.py
[2026-01-19T00:41:31.924+0000] {logging_mixin.py:151} INFO - [2026-01-19T00:41:31.923+0000] {dagbag.py:347} ERROR - Failed to import: /opt/airflow/dags/reddit_dag.py
Traceback (most recent call last):
  File "/home/airflow/.local/lib/python3.9/site-packages/airflow/models/dagbag.py", line 343, in parse
    loader.exec_module(new_module)
  File "<frozen importlib._bootstrap_external>", line 850, in exec_module
  File "<frozen importlib._bootstrap>", line 228, in _call_with_frames_removed
  File "/opt/airflow/dags/reddit_dag.py", line 9, in <module>
    from pipelines.aws_s3_pipeline import upload_s3_pipeline
ModuleNotFoundError: No module named 'pipelines'
[2026-01-19T00:41:31.924+0000] {processor.py:841} WARNING - No viable dags retrieved from /opt/airflow/dags/reddit_dag.py
[2026-01-19T00:41:31.943+0000] {processor.py:179} INFO - Processing /opt/airflow/dags/reddit_dag.py took 0.032 seconds
[2026-01-19T00:42:02.218+0000] {processor.py:157} INFO - Started process (PID=39) to work on /opt/airflow/dags/reddit_dag.py
[2026-01-19T00:42:02.219+0000] {processor.py:829} INFO - Processing file /opt/airflow/dags/reddit_dag.py for tasks to queue
[2026-01-19T00:42:02.232+0000] {logging_mixin.py:151} INFO - [2026-01-19T00:42:02.230+0000] {dagbag.py:539} INFO - Filling up the DagBag from /opt/airflow/dags/reddit_dag.py
[2026-01-19T00:42:02.254+0000] {logging_mixin.py:151} INFO - [2026-01-19T00:42:02.252+0000] {dagbag.py:347} ERROR - Failed to import: /opt/airflow/dags/reddit_dag.py
Traceback (most recent call last):
  File "/home/airflow/.local/lib/python3.9/site-packages/airflow/models/dagbag.py", line 343, in parse
    loader.exec_module(new_module)
  File "<frozen importlib._bootstrap_external>", line 850, in exec_module
  File "<frozen importlib._bootstrap>", line 228, in _call_with_frames_removed
  File "/opt/airflow/dags/reddit_dag.py", line 9, in <module>
    from pipelines.aws_s3_pipeline import upload_s3_pipeline
ModuleNotFoundError: No module named 'pipelines'
[2026-01-19T00:42:02.255+0000] {processor.py:841} WARNING - No viable dags retrieved from /opt/airflow/dags/reddit_dag.py
[2026-01-19T00:42:02.290+0000] {processor.py:179} INFO - Processing /opt/airflow/dags/reddit_dag.py took 0.077 seconds
[2026-01-19T00:42:32.479+0000] {processor.py:157} INFO - Started process (PID=40) to work on /opt/airflow/dags/reddit_dag.py
[2026-01-19T00:42:32.480+0000] {processor.py:829} INFO - Processing file /opt/airflow/dags/reddit_dag.py for tasks to queue
[2026-01-19T00:42:32.483+0000] {logging_mixin.py:151} INFO - [2026-01-19T00:42:32.482+0000] {dagbag.py:539} INFO - Filling up the DagBag from /opt/airflow/dags/reddit_dag.py
[2026-01-19T00:42:32.488+0000] {logging_mixin.py:151} INFO - [2026-01-19T00:42:32.487+0000] {dagbag.py:347} ERROR - Failed to import: /opt/airflow/dags/reddit_dag.py
Traceback (most recent call last):
  File "/home/airflow/.local/lib/python3.9/site-packages/airflow/models/dagbag.py", line 343, in parse
    loader.exec_module(new_module)
  File "<frozen importlib._bootstrap_external>", line 850, in exec_module
  File "<frozen importlib._bootstrap>", line 228, in _call_with_frames_removed
  File "/opt/airflow/dags/reddit_dag.py", line 9, in <module>
    from pipelines.aws_s3_pipeline import upload_s3_pipeline
ModuleNotFoundError: No module named 'pipelines'
[2026-01-19T00:42:32.488+0000] {processor.py:841} WARNING - No viable dags retrieved from /opt/airflow/dags/reddit_dag.py
[2026-01-19T00:42:32.500+0000] {processor.py:179} INFO - Processing /opt/airflow/dags/reddit_dag.py took 0.027 seconds
[2026-01-19T00:43:02.753+0000] {processor.py:157} INFO - Started process (PID=41) to work on /opt/airflow/dags/reddit_dag.py
[2026-01-19T00:43:02.754+0000] {processor.py:829} INFO - Processing file /opt/airflow/dags/reddit_dag.py for tasks to queue
[2026-01-19T00:43:02.758+0000] {logging_mixin.py:151} INFO - [2026-01-19T00:43:02.757+0000] {dagbag.py:539} INFO - Filling up the DagBag from /opt/airflow/dags/reddit_dag.py
[2026-01-19T00:43:02.764+0000] {logging_mixin.py:151} INFO - [2026-01-19T00:43:02.763+0000] {dagbag.py:347} ERROR - Failed to import: /opt/airflow/dags/reddit_dag.py
Traceback (most recent call last):
  File "/home/airflow/.local/lib/python3.9/site-packages/airflow/models/dagbag.py", line 343, in parse
    loader.exec_module(new_module)
  File "<frozen importlib._bootstrap_external>", line 850, in exec_module
  File "<frozen importlib._bootstrap>", line 228, in _call_with_frames_removed
  File "/opt/airflow/dags/reddit_dag.py", line 9, in <module>
    from pipelines.aws_s3_pipeline import upload_s3_pipeline
ModuleNotFoundError: No module named 'pipelines'
[2026-01-19T00:43:02.764+0000] {processor.py:841} WARNING - No viable dags retrieved from /opt/airflow/dags/reddit_dag.py
[2026-01-19T00:43:02.779+0000] {processor.py:179} INFO - Processing /opt/airflow/dags/reddit_dag.py took 0.033 seconds
[2026-01-19T00:43:33.041+0000] {processor.py:157} INFO - Started process (PID=42) to work on /opt/airflow/dags/reddit_dag.py
[2026-01-19T00:43:33.042+0000] {processor.py:829} INFO - Processing file /opt/airflow/dags/reddit_dag.py for tasks to queue
[2026-01-19T00:43:33.044+0000] {logging_mixin.py:151} INFO - [2026-01-19T00:43:33.043+0000] {dagbag.py:539} INFO - Filling up the DagBag from /opt/airflow/dags/reddit_dag.py
[2026-01-19T00:43:33.048+0000] {logging_mixin.py:151} INFO - [2026-01-19T00:43:33.047+0000] {dagbag.py:347} ERROR - Failed to import: /opt/airflow/dags/reddit_dag.py
Traceback (most recent call last):
  File "/home/airflow/.local/lib/python3.9/site-packages/airflow/models/dagbag.py", line 343, in parse
    loader.exec_module(new_module)
  File "<frozen importlib._bootstrap_external>", line 850, in exec_module
  File "<frozen importlib._bootstrap>", line 228, in _call_with_frames_removed
  File "/opt/airflow/dags/reddit_dag.py", line 9, in <module>
    from pipelines.aws_s3_pipeline import upload_s3_pipeline
ModuleNotFoundError: No module named 'pipelines'
[2026-01-19T00:43:33.049+0000] {processor.py:841} WARNING - No viable dags retrieved from /opt/airflow/dags/reddit_dag.py
[2026-01-19T00:43:33.060+0000] {processor.py:179} INFO - Processing /opt/airflow/dags/reddit_dag.py took 0.022 seconds
[2026-01-19T00:44:03.364+0000] {processor.py:157} INFO - Started process (PID=43) to work on /opt/airflow/dags/reddit_dag.py
[2026-01-19T00:44:03.365+0000] {processor.py:829} INFO - Processing file /opt/airflow/dags/reddit_dag.py for tasks to queue
[2026-01-19T00:44:03.369+0000] {logging_mixin.py:151} INFO - [2026-01-19T00:44:03.369+0000] {dagbag.py:539} INFO - Filling up the DagBag from /opt/airflow/dags/reddit_dag.py
[2026-01-19T00:44:03.376+0000] {logging_mixin.py:151} INFO - [2026-01-19T00:44:03.375+0000] {dagbag.py:347} ERROR - Failed to import: /opt/airflow/dags/reddit_dag.py
Traceback (most recent call last):
  File "/home/airflow/.local/lib/python3.9/site-packages/airflow/models/dagbag.py", line 343, in parse
    loader.exec_module(new_module)
  File "<frozen importlib._bootstrap_external>", line 850, in exec_module
  File "<frozen importlib._bootstrap>", line 228, in _call_with_frames_removed
  File "/opt/airflow/dags/reddit_dag.py", line 9, in <module>
    from pipelines.aws_s3_pipeline import upload_s3_pipeline
ModuleNotFoundError: No module named 'pipelines'
[2026-01-19T00:44:03.377+0000] {processor.py:841} WARNING - No viable dags retrieved from /opt/airflow/dags/reddit_dag.py
[2026-01-19T00:44:03.395+0000] {processor.py:179} INFO - Processing /opt/airflow/dags/reddit_dag.py took 0.035 seconds
[2026-01-19T00:44:33.654+0000] {processor.py:157} INFO - Started process (PID=44) to work on /opt/airflow/dags/reddit_dag.py
[2026-01-19T00:44:33.655+0000] {processor.py:829} INFO - Processing file /opt/airflow/dags/reddit_dag.py for tasks to queue
[2026-01-19T00:44:33.659+0000] {logging_mixin.py:151} INFO - [2026-01-19T00:44:33.659+0000] {dagbag.py:539} INFO - Filling up the DagBag from /opt/airflow/dags/reddit_dag.py
[2026-01-19T00:44:33.665+0000] {logging_mixin.py:151} INFO - [2026-01-19T00:44:33.664+0000] {dagbag.py:347} ERROR - Failed to import: /opt/airflow/dags/reddit_dag.py
Traceback (most recent call last):
  File "/home/airflow/.local/lib/python3.9/site-packages/airflow/models/dagbag.py", line 343, in parse
    loader.exec_module(new_module)
  File "<frozen importlib._bootstrap_external>", line 850, in exec_module
  File "<frozen importlib._bootstrap>", line 228, in _call_with_frames_removed
  File "/opt/airflow/dags/reddit_dag.py", line 9, in <module>
    from pipelines.aws_s3_pipeline import upload_s3_pipeline
ModuleNotFoundError: No module named 'pipelines'
[2026-01-19T00:44:33.665+0000] {processor.py:841} WARNING - No viable dags retrieved from /opt/airflow/dags/reddit_dag.py
[2026-01-19T00:44:33.679+0000] {processor.py:179} INFO - Processing /opt/airflow/dags/reddit_dag.py took 0.029 seconds
[2026-01-19T00:45:03.898+0000] {processor.py:157} INFO - Started process (PID=45) to work on /opt/airflow/dags/reddit_dag.py
[2026-01-19T00:45:03.899+0000] {processor.py:829} INFO - Processing file /opt/airflow/dags/reddit_dag.py for tasks to queue
[2026-01-19T00:45:03.902+0000] {logging_mixin.py:151} INFO - [2026-01-19T00:45:03.901+0000] {dagbag.py:539} INFO - Filling up the DagBag from /opt/airflow/dags/reddit_dag.py
[2026-01-19T00:45:03.911+0000] {logging_mixin.py:151} INFO - [2026-01-19T00:45:03.909+0000] {dagbag.py:347} ERROR - Failed to import: /opt/airflow/dags/reddit_dag.py
Traceback (most recent call last):
  File "/home/airflow/.local/lib/python3.9/site-packages/airflow/models/dagbag.py", line 343, in parse
    loader.exec_module(new_module)
  File "<frozen importlib._bootstrap_external>", line 850, in exec_module
  File "<frozen importlib._bootstrap>", line 228, in _call_with_frames_removed
  File "/opt/airflow/dags/reddit_dag.py", line 9, in <module>
    from pipelines.aws_s3_pipeline import upload_s3_pipeline
ModuleNotFoundError: No module named 'pipelines'
[2026-01-19T00:45:03.911+0000] {processor.py:841} WARNING - No viable dags retrieved from /opt/airflow/dags/reddit_dag.py
[2026-01-19T00:45:03.926+0000] {processor.py:179} INFO - Processing /opt/airflow/dags/reddit_dag.py took 0.033 seconds
[2026-01-19T00:45:34.206+0000] {processor.py:157} INFO - Started process (PID=46) to work on /opt/airflow/dags/reddit_dag.py
[2026-01-19T00:45:34.207+0000] {processor.py:829} INFO - Processing file /opt/airflow/dags/reddit_dag.py for tasks to queue
[2026-01-19T00:45:34.211+0000] {logging_mixin.py:151} INFO - [2026-01-19T00:45:34.210+0000] {dagbag.py:539} INFO - Filling up the DagBag from /opt/airflow/dags/reddit_dag.py
[2026-01-19T00:45:34.218+0000] {logging_mixin.py:151} INFO - [2026-01-19T00:45:34.217+0000] {dagbag.py:347} ERROR - Failed to import: /opt/airflow/dags/reddit_dag.py
Traceback (most recent call last):
  File "/home/airflow/.local/lib/python3.9/site-packages/airflow/models/dagbag.py", line 343, in parse
    loader.exec_module(new_module)
  File "<frozen importlib._bootstrap_external>", line 850, in exec_module
  File "<frozen importlib._bootstrap>", line 228, in _call_with_frames_removed
  File "/opt/airflow/dags/reddit_dag.py", line 9, in <module>
    from pipelines.aws_s3_pipeline import upload_s3_pipeline
ModuleNotFoundError: No module named 'pipelines'
[2026-01-19T00:45:34.219+0000] {processor.py:841} WARNING - No viable dags retrieved from /opt/airflow/dags/reddit_dag.py
[2026-01-19T00:45:34.234+0000] {processor.py:179} INFO - Processing /opt/airflow/dags/reddit_dag.py took 0.032 seconds
[2026-01-19T00:46:04.573+0000] {processor.py:157} INFO - Started process (PID=47) to work on /opt/airflow/dags/reddit_dag.py
[2026-01-19T00:46:04.575+0000] {processor.py:829} INFO - Processing file /opt/airflow/dags/reddit_dag.py for tasks to queue
[2026-01-19T00:46:04.579+0000] {logging_mixin.py:151} INFO - [2026-01-19T00:46:04.578+0000] {dagbag.py:539} INFO - Filling up the DagBag from /opt/airflow/dags/reddit_dag.py
[2026-01-19T00:46:04.586+0000] {logging_mixin.py:151} INFO - [2026-01-19T00:46:04.584+0000] {dagbag.py:347} ERROR - Failed to import: /opt/airflow/dags/reddit_dag.py
Traceback (most recent call last):
  File "/home/airflow/.local/lib/python3.9/site-packages/airflow/models/dagbag.py", line 343, in parse
    loader.exec_module(new_module)
  File "<frozen importlib._bootstrap_external>", line 850, in exec_module
  File "<frozen importlib._bootstrap>", line 228, in _call_with_frames_removed
  File "/opt/airflow/dags/reddit_dag.py", line 9, in <module>
    from pipelines.aws_s3_pipeline import upload_s3_pipeline
ModuleNotFoundError: No module named 'pipelines'
[2026-01-19T00:46:04.586+0000] {processor.py:841} WARNING - No viable dags retrieved from /opt/airflow/dags/reddit_dag.py
[2026-01-19T00:46:04.604+0000] {processor.py:179} INFO - Processing /opt/airflow/dags/reddit_dag.py took 0.036 seconds
[2026-01-19T00:46:34.933+0000] {processor.py:157} INFO - Started process (PID=48) to work on /opt/airflow/dags/reddit_dag.py
[2026-01-19T00:46:34.933+0000] {processor.py:829} INFO - Processing file /opt/airflow/dags/reddit_dag.py for tasks to queue
[2026-01-19T00:46:34.935+0000] {logging_mixin.py:151} INFO - [2026-01-19T00:46:34.935+0000] {dagbag.py:539} INFO - Filling up the DagBag from /opt/airflow/dags/reddit_dag.py
[2026-01-19T00:46:34.940+0000] {logging_mixin.py:151} INFO - [2026-01-19T00:46:34.939+0000] {dagbag.py:347} ERROR - Failed to import: /opt/airflow/dags/reddit_dag.py
Traceback (most recent call last):
  File "/home/airflow/.local/lib/python3.9/site-packages/airflow/models/dagbag.py", line 343, in parse
    loader.exec_module(new_module)
  File "<frozen importlib._bootstrap_external>", line 850, in exec_module
  File "<frozen importlib._bootstrap>", line 228, in _call_with_frames_removed
  File "/opt/airflow/dags/reddit_dag.py", line 9, in <module>
    from pipelines.aws_s3_pipeline import upload_s3_pipeline
ModuleNotFoundError: No module named 'pipelines'
[2026-01-19T00:46:34.940+0000] {processor.py:841} WARNING - No viable dags retrieved from /opt/airflow/dags/reddit_dag.py
[2026-01-19T00:46:34.953+0000] {processor.py:179} INFO - Processing /opt/airflow/dags/reddit_dag.py took 0.024 seconds
[2026-01-19T00:47:05.281+0000] {processor.py:157} INFO - Started process (PID=49) to work on /opt/airflow/dags/reddit_dag.py
[2026-01-19T00:47:05.282+0000] {processor.py:829} INFO - Processing file /opt/airflow/dags/reddit_dag.py for tasks to queue
[2026-01-19T00:47:05.285+0000] {logging_mixin.py:151} INFO - [2026-01-19T00:47:05.284+0000] {dagbag.py:539} INFO - Filling up the DagBag from /opt/airflow/dags/reddit_dag.py
[2026-01-19T00:47:05.289+0000] {logging_mixin.py:151} INFO - [2026-01-19T00:47:05.288+0000] {dagbag.py:347} ERROR - Failed to import: /opt/airflow/dags/reddit_dag.py
Traceback (most recent call last):
  File "/home/airflow/.local/lib/python3.9/site-packages/airflow/models/dagbag.py", line 343, in parse
    loader.exec_module(new_module)
  File "<frozen importlib._bootstrap_external>", line 850, in exec_module
  File "<frozen importlib._bootstrap>", line 228, in _call_with_frames_removed
  File "/opt/airflow/dags/reddit_dag.py", line 9, in <module>
    from pipelines.aws_s3_pipeline import upload_s3_pipeline
ModuleNotFoundError: No module named 'pipelines'
[2026-01-19T00:47:05.289+0000] {processor.py:841} WARNING - No viable dags retrieved from /opt/airflow/dags/reddit_dag.py
[2026-01-19T00:47:05.301+0000] {processor.py:179} INFO - Processing /opt/airflow/dags/reddit_dag.py took 0.024 seconds
[2026-01-19T00:47:35.619+0000] {processor.py:157} INFO - Started process (PID=50) to work on /opt/airflow/dags/reddit_dag.py
[2026-01-19T00:47:35.620+0000] {processor.py:829} INFO - Processing file /opt/airflow/dags/reddit_dag.py for tasks to queue
[2026-01-19T00:47:35.624+0000] {logging_mixin.py:151} INFO - [2026-01-19T00:47:35.624+0000] {dagbag.py:539} INFO - Filling up the DagBag from /opt/airflow/dags/reddit_dag.py
[2026-01-19T00:47:35.632+0000] {logging_mixin.py:151} INFO - [2026-01-19T00:47:35.630+0000] {dagbag.py:347} ERROR - Failed to import: /opt/airflow/dags/reddit_dag.py
Traceback (most recent call last):
  File "/home/airflow/.local/lib/python3.9/site-packages/airflow/models/dagbag.py", line 343, in parse
    loader.exec_module(new_module)
  File "<frozen importlib._bootstrap_external>", line 850, in exec_module
  File "<frozen importlib._bootstrap>", line 228, in _call_with_frames_removed
  File "/opt/airflow/dags/reddit_dag.py", line 9, in <module>
    from pipelines.aws_s3_pipeline import upload_s3_pipeline
ModuleNotFoundError: No module named 'pipelines'
[2026-01-19T00:47:35.632+0000] {processor.py:841} WARNING - No viable dags retrieved from /opt/airflow/dags/reddit_dag.py
[2026-01-19T00:47:35.651+0000] {processor.py:179} INFO - Processing /opt/airflow/dags/reddit_dag.py took 0.035 seconds
[2026-01-19T00:48:05.997+0000] {processor.py:157} INFO - Started process (PID=51) to work on /opt/airflow/dags/reddit_dag.py
[2026-01-19T00:48:05.998+0000] {processor.py:829} INFO - Processing file /opt/airflow/dags/reddit_dag.py for tasks to queue
[2026-01-19T00:48:06.002+0000] {logging_mixin.py:151} INFO - [2026-01-19T00:48:06.001+0000] {dagbag.py:539} INFO - Filling up the DagBag from /opt/airflow/dags/reddit_dag.py
[2026-01-19T00:48:06.010+0000] {logging_mixin.py:151} INFO - [2026-01-19T00:48:06.008+0000] {dagbag.py:347} ERROR - Failed to import: /opt/airflow/dags/reddit_dag.py
Traceback (most recent call last):
  File "/home/airflow/.local/lib/python3.9/site-packages/airflow/models/dagbag.py", line 343, in parse
    loader.exec_module(new_module)
  File "<frozen importlib._bootstrap_external>", line 850, in exec_module
  File "<frozen importlib._bootstrap>", line 228, in _call_with_frames_removed
  File "/opt/airflow/dags/reddit_dag.py", line 9, in <module>
    from pipelines.aws_s3_pipeline import upload_s3_pipeline
ModuleNotFoundError: No module named 'pipelines'
[2026-01-19T00:48:06.010+0000] {processor.py:841} WARNING - No viable dags retrieved from /opt/airflow/dags/reddit_dag.py
[2026-01-19T00:48:06.029+0000] {processor.py:179} INFO - Processing /opt/airflow/dags/reddit_dag.py took 0.040 seconds
[2026-01-19T00:48:36.336+0000] {processor.py:157} INFO - Started process (PID=52) to work on /opt/airflow/dags/reddit_dag.py
[2026-01-19T00:48:36.337+0000] {processor.py:829} INFO - Processing file /opt/airflow/dags/reddit_dag.py for tasks to queue
[2026-01-19T00:48:36.341+0000] {logging_mixin.py:151} INFO - [2026-01-19T00:48:36.341+0000] {dagbag.py:539} INFO - Filling up the DagBag from /opt/airflow/dags/reddit_dag.py
[2026-01-19T00:48:36.348+0000] {logging_mixin.py:151} INFO - [2026-01-19T00:48:36.347+0000] {dagbag.py:347} ERROR - Failed to import: /opt/airflow/dags/reddit_dag.py
Traceback (most recent call last):
  File "/home/airflow/.local/lib/python3.9/site-packages/airflow/models/dagbag.py", line 343, in parse
    loader.exec_module(new_module)
  File "<frozen importlib._bootstrap_external>", line 850, in exec_module
  File "<frozen importlib._bootstrap>", line 228, in _call_with_frames_removed
  File "/opt/airflow/dags/reddit_dag.py", line 9, in <module>
    from pipelines.aws_s3_pipeline import upload_s3_pipeline
ModuleNotFoundError: No module named 'pipelines'
[2026-01-19T00:48:36.349+0000] {processor.py:841} WARNING - No viable dags retrieved from /opt/airflow/dags/reddit_dag.py
[2026-01-19T00:48:36.368+0000] {processor.py:179} INFO - Processing /opt/airflow/dags/reddit_dag.py took 0.036 seconds
[2026-01-19T00:49:06.644+0000] {processor.py:157} INFO - Started process (PID=53) to work on /opt/airflow/dags/reddit_dag.py
[2026-01-19T00:49:06.646+0000] {processor.py:829} INFO - Processing file /opt/airflow/dags/reddit_dag.py for tasks to queue
[2026-01-19T00:49:06.657+0000] {logging_mixin.py:151} INFO - [2026-01-19T00:49:06.653+0000] {dagbag.py:539} INFO - Filling up the DagBag from /opt/airflow/dags/reddit_dag.py
[2026-01-19T00:49:06.692+0000] {logging_mixin.py:151} INFO - [2026-01-19T00:49:06.686+0000] {dagbag.py:347} ERROR - Failed to import: /opt/airflow/dags/reddit_dag.py
Traceback (most recent call last):
  File "/home/airflow/.local/lib/python3.9/site-packages/airflow/models/dagbag.py", line 343, in parse
    loader.exec_module(new_module)
  File "<frozen importlib._bootstrap_external>", line 850, in exec_module
  File "<frozen importlib._bootstrap>", line 228, in _call_with_frames_removed
  File "/opt/airflow/dags/reddit_dag.py", line 9, in <module>
    from pipelines.aws_s3_pipeline import upload_s3_pipeline
ModuleNotFoundError: No module named 'pipelines'
[2026-01-19T00:49:06.694+0000] {processor.py:841} WARNING - No viable dags retrieved from /opt/airflow/dags/reddit_dag.py
[2026-01-19T00:49:06.735+0000] {processor.py:179} INFO - Processing /opt/airflow/dags/reddit_dag.py took 0.098 seconds
[2026-01-19T00:49:36.976+0000] {processor.py:157} INFO - Started process (PID=54) to work on /opt/airflow/dags/reddit_dag.py
[2026-01-19T00:49:36.978+0000] {processor.py:829} INFO - Processing file /opt/airflow/dags/reddit_dag.py for tasks to queue
[2026-01-19T00:49:36.982+0000] {logging_mixin.py:151} INFO - [2026-01-19T00:49:36.981+0000] {dagbag.py:539} INFO - Filling up the DagBag from /opt/airflow/dags/reddit_dag.py
[2026-01-19T00:49:36.987+0000] {logging_mixin.py:151} INFO - [2026-01-19T00:49:36.986+0000] {dagbag.py:347} ERROR - Failed to import: /opt/airflow/dags/reddit_dag.py
Traceback (most recent call last):
  File "/home/airflow/.local/lib/python3.9/site-packages/airflow/models/dagbag.py", line 343, in parse
    loader.exec_module(new_module)
  File "<frozen importlib._bootstrap_external>", line 850, in exec_module
  File "<frozen importlib._bootstrap>", line 228, in _call_with_frames_removed
  File "/opt/airflow/dags/reddit_dag.py", line 9, in <module>
    from pipelines.aws_s3_pipeline import upload_s3_pipeline
ModuleNotFoundError: No module named 'pipelines'
[2026-01-19T00:49:36.987+0000] {processor.py:841} WARNING - No viable dags retrieved from /opt/airflow/dags/reddit_dag.py
[2026-01-19T00:49:37.001+0000] {processor.py:179} INFO - Processing /opt/airflow/dags/reddit_dag.py took 0.028 seconds
[2026-01-19T00:50:07.299+0000] {processor.py:157} INFO - Started process (PID=55) to work on /opt/airflow/dags/reddit_dag.py
[2026-01-19T00:50:07.300+0000] {processor.py:829} INFO - Processing file /opt/airflow/dags/reddit_dag.py for tasks to queue
[2026-01-19T00:50:07.311+0000] {logging_mixin.py:151} INFO - [2026-01-19T00:50:07.310+0000] {dagbag.py:539} INFO - Filling up the DagBag from /opt/airflow/dags/reddit_dag.py
[2026-01-19T00:50:07.318+0000] {logging_mixin.py:151} INFO - [2026-01-19T00:50:07.316+0000] {dagbag.py:347} ERROR - Failed to import: /opt/airflow/dags/reddit_dag.py
Traceback (most recent call last):
  File "/home/airflow/.local/lib/python3.9/site-packages/airflow/models/dagbag.py", line 343, in parse
    loader.exec_module(new_module)
  File "<frozen importlib._bootstrap_external>", line 850, in exec_module
  File "<frozen importlib._bootstrap>", line 228, in _call_with_frames_removed
  File "/opt/airflow/dags/reddit_dag.py", line 9, in <module>
    from pipelines.aws_s3_pipeline import upload_s3_pipeline
ModuleNotFoundError: No module named 'pipelines'
[2026-01-19T00:50:07.318+0000] {processor.py:841} WARNING - No viable dags retrieved from /opt/airflow/dags/reddit_dag.py
[2026-01-19T00:50:07.334+0000] {processor.py:179} INFO - Processing /opt/airflow/dags/reddit_dag.py took 0.050 seconds
[2026-01-19T00:50:37.616+0000] {processor.py:157} INFO - Started process (PID=56) to work on /opt/airflow/dags/reddit_dag.py
[2026-01-19T00:50:37.616+0000] {processor.py:829} INFO - Processing file /opt/airflow/dags/reddit_dag.py for tasks to queue
[2026-01-19T00:50:37.621+0000] {logging_mixin.py:151} INFO - [2026-01-19T00:50:37.620+0000] {dagbag.py:539} INFO - Filling up the DagBag from /opt/airflow/dags/reddit_dag.py
[2026-01-19T00:50:37.626+0000] {logging_mixin.py:151} INFO - [2026-01-19T00:50:37.625+0000] {dagbag.py:347} ERROR - Failed to import: /opt/airflow/dags/reddit_dag.py
Traceback (most recent call last):
  File "/home/airflow/.local/lib/python3.9/site-packages/airflow/models/dagbag.py", line 343, in parse
    loader.exec_module(new_module)
  File "<frozen importlib._bootstrap_external>", line 850, in exec_module
  File "<frozen importlib._bootstrap>", line 228, in _call_with_frames_removed
  File "/opt/airflow/dags/reddit_dag.py", line 9, in <module>
    from pipelines.aws_s3_pipeline import upload_s3_pipeline
ModuleNotFoundError: No module named 'pipelines'
[2026-01-19T00:50:37.626+0000] {processor.py:841} WARNING - No viable dags retrieved from /opt/airflow/dags/reddit_dag.py
[2026-01-19T00:50:37.641+0000] {processor.py:179} INFO - Processing /opt/airflow/dags/reddit_dag.py took 0.031 seconds
[2026-01-19T00:51:07.912+0000] {processor.py:157} INFO - Started process (PID=57) to work on /opt/airflow/dags/reddit_dag.py
[2026-01-19T00:51:07.913+0000] {processor.py:829} INFO - Processing file /opt/airflow/dags/reddit_dag.py for tasks to queue
[2026-01-19T00:51:07.917+0000] {logging_mixin.py:151} INFO - [2026-01-19T00:51:07.917+0000] {dagbag.py:539} INFO - Filling up the DagBag from /opt/airflow/dags/reddit_dag.py
[2026-01-19T00:51:07.925+0000] {logging_mixin.py:151} INFO - [2026-01-19T00:51:07.924+0000] {dagbag.py:347} ERROR - Failed to import: /opt/airflow/dags/reddit_dag.py
Traceback (most recent call last):
  File "/home/airflow/.local/lib/python3.9/site-packages/airflow/models/dagbag.py", line 343, in parse
    loader.exec_module(new_module)
  File "<frozen importlib._bootstrap_external>", line 850, in exec_module
  File "<frozen importlib._bootstrap>", line 228, in _call_with_frames_removed
  File "/opt/airflow/dags/reddit_dag.py", line 9, in <module>
    from pipelines.aws_s3_pipeline import upload_s3_pipeline
ModuleNotFoundError: No module named 'pipelines'
[2026-01-19T00:51:07.925+0000] {processor.py:841} WARNING - No viable dags retrieved from /opt/airflow/dags/reddit_dag.py
[2026-01-19T00:51:07.948+0000] {processor.py:179} INFO - Processing /opt/airflow/dags/reddit_dag.py took 0.041 seconds
[2026-01-19T00:51:38.210+0000] {processor.py:157} INFO - Started process (PID=58) to work on /opt/airflow/dags/reddit_dag.py
[2026-01-19T00:51:38.211+0000] {processor.py:829} INFO - Processing file /opt/airflow/dags/reddit_dag.py for tasks to queue
[2026-01-19T00:51:38.214+0000] {logging_mixin.py:151} INFO - [2026-01-19T00:51:38.214+0000] {dagbag.py:539} INFO - Filling up the DagBag from /opt/airflow/dags/reddit_dag.py
[2026-01-19T00:51:38.220+0000] {logging_mixin.py:151} INFO - [2026-01-19T00:51:38.219+0000] {dagbag.py:347} ERROR - Failed to import: /opt/airflow/dags/reddit_dag.py
Traceback (most recent call last):
  File "/home/airflow/.local/lib/python3.9/site-packages/airflow/models/dagbag.py", line 343, in parse
    loader.exec_module(new_module)
  File "<frozen importlib._bootstrap_external>", line 850, in exec_module
  File "<frozen importlib._bootstrap>", line 228, in _call_with_frames_removed
  File "/opt/airflow/dags/reddit_dag.py", line 9, in <module>
    from pipelines.aws_s3_pipeline import upload_s3_pipeline
ModuleNotFoundError: No module named 'pipelines'
[2026-01-19T00:51:38.221+0000] {processor.py:841} WARNING - No viable dags retrieved from /opt/airflow/dags/reddit_dag.py
[2026-01-19T00:51:38.237+0000] {processor.py:179} INFO - Processing /opt/airflow/dags/reddit_dag.py took 0.031 seconds
[2026-01-19T00:52:08.514+0000] {processor.py:157} INFO - Started process (PID=59) to work on /opt/airflow/dags/reddit_dag.py
[2026-01-19T00:52:08.516+0000] {processor.py:829} INFO - Processing file /opt/airflow/dags/reddit_dag.py for tasks to queue
[2026-01-19T00:52:08.520+0000] {logging_mixin.py:151} INFO - [2026-01-19T00:52:08.520+0000] {dagbag.py:539} INFO - Filling up the DagBag from /opt/airflow/dags/reddit_dag.py
[2026-01-19T00:52:08.527+0000] {logging_mixin.py:151} INFO - [2026-01-19T00:52:08.525+0000] {dagbag.py:347} ERROR - Failed to import: /opt/airflow/dags/reddit_dag.py
Traceback (most recent call last):
  File "/home/airflow/.local/lib/python3.9/site-packages/airflow/models/dagbag.py", line 343, in parse
    loader.exec_module(new_module)
  File "<frozen importlib._bootstrap_external>", line 850, in exec_module
  File "<frozen importlib._bootstrap>", line 228, in _call_with_frames_removed
  File "/opt/airflow/dags/reddit_dag.py", line 9, in <module>
    from pipelines.aws_s3_pipeline import upload_s3_pipeline
ModuleNotFoundError: No module named 'pipelines'
[2026-01-19T00:52:08.527+0000] {processor.py:841} WARNING - No viable dags retrieved from /opt/airflow/dags/reddit_dag.py
[2026-01-19T00:52:08.544+0000] {processor.py:179} INFO - Processing /opt/airflow/dags/reddit_dag.py took 0.035 seconds
[2026-01-19T00:52:38.944+0000] {processor.py:157} INFO - Started process (PID=60) to work on /opt/airflow/dags/reddit_dag.py
[2026-01-19T00:52:38.945+0000] {processor.py:829} INFO - Processing file /opt/airflow/dags/reddit_dag.py for tasks to queue
[2026-01-19T00:52:38.948+0000] {logging_mixin.py:151} INFO - [2026-01-19T00:52:38.948+0000] {dagbag.py:539} INFO - Filling up the DagBag from /opt/airflow/dags/reddit_dag.py
[2026-01-19T00:52:38.956+0000] {logging_mixin.py:151} INFO - [2026-01-19T00:52:38.953+0000] {dagbag.py:347} ERROR - Failed to import: /opt/airflow/dags/reddit_dag.py
Traceback (most recent call last):
  File "/home/airflow/.local/lib/python3.9/site-packages/airflow/models/dagbag.py", line 343, in parse
    loader.exec_module(new_module)
  File "<frozen importlib._bootstrap_external>", line 850, in exec_module
  File "<frozen importlib._bootstrap>", line 228, in _call_with_frames_removed
  File "/opt/airflow/dags/reddit_dag.py", line 9, in <module>
    from pipelines.aws_s3_pipeline import upload_s3_pipeline
ModuleNotFoundError: No module named 'pipelines'
[2026-01-19T00:52:38.956+0000] {processor.py:841} WARNING - No viable dags retrieved from /opt/airflow/dags/reddit_dag.py
[2026-01-19T00:52:38.972+0000] {processor.py:179} INFO - Processing /opt/airflow/dags/reddit_dag.py took 0.031 seconds
[2026-01-19T00:53:09.204+0000] {processor.py:157} INFO - Started process (PID=61) to work on /opt/airflow/dags/reddit_dag.py
[2026-01-19T00:53:09.205+0000] {processor.py:829} INFO - Processing file /opt/airflow/dags/reddit_dag.py for tasks to queue
[2026-01-19T00:53:09.208+0000] {logging_mixin.py:151} INFO - [2026-01-19T00:53:09.207+0000] {dagbag.py:539} INFO - Filling up the DagBag from /opt/airflow/dags/reddit_dag.py
[2026-01-19T00:53:09.212+0000] {logging_mixin.py:151} INFO - [2026-01-19T00:53:09.211+0000] {dagbag.py:347} ERROR - Failed to import: /opt/airflow/dags/reddit_dag.py
Traceback (most recent call last):
  File "/home/airflow/.local/lib/python3.9/site-packages/airflow/models/dagbag.py", line 343, in parse
    loader.exec_module(new_module)
  File "<frozen importlib._bootstrap_external>", line 850, in exec_module
  File "<frozen importlib._bootstrap>", line 228, in _call_with_frames_removed
  File "/opt/airflow/dags/reddit_dag.py", line 9, in <module>
    from pipelines.aws_s3_pipeline import upload_s3_pipeline
ModuleNotFoundError: No module named 'pipelines'
[2026-01-19T00:53:09.212+0000] {processor.py:841} WARNING - No viable dags retrieved from /opt/airflow/dags/reddit_dag.py
[2026-01-19T00:53:09.225+0000] {processor.py:179} INFO - Processing /opt/airflow/dags/reddit_dag.py took 0.025 seconds
[2026-01-19T00:53:39.496+0000] {processor.py:157} INFO - Started process (PID=62) to work on /opt/airflow/dags/reddit_dag.py
[2026-01-19T00:53:39.496+0000] {processor.py:829} INFO - Processing file /opt/airflow/dags/reddit_dag.py for tasks to queue
[2026-01-19T00:53:39.499+0000] {logging_mixin.py:151} INFO - [2026-01-19T00:53:39.499+0000] {dagbag.py:539} INFO - Filling up the DagBag from /opt/airflow/dags/reddit_dag.py
[2026-01-19T00:53:39.504+0000] {logging_mixin.py:151} INFO - [2026-01-19T00:53:39.503+0000] {dagbag.py:347} ERROR - Failed to import: /opt/airflow/dags/reddit_dag.py
Traceback (most recent call last):
  File "/home/airflow/.local/lib/python3.9/site-packages/airflow/models/dagbag.py", line 343, in parse
    loader.exec_module(new_module)
  File "<frozen importlib._bootstrap_external>", line 850, in exec_module
  File "<frozen importlib._bootstrap>", line 228, in _call_with_frames_removed
  File "/opt/airflow/dags/reddit_dag.py", line 9, in <module>
    from pipelines.aws_s3_pipeline import upload_s3_pipeline
ModuleNotFoundError: No module named 'pipelines'
[2026-01-19T00:53:39.504+0000] {processor.py:841} WARNING - No viable dags retrieved from /opt/airflow/dags/reddit_dag.py
[2026-01-19T00:53:39.517+0000] {processor.py:179} INFO - Processing /opt/airflow/dags/reddit_dag.py took 0.025 seconds
[2026-01-19T00:54:09.783+0000] {processor.py:157} INFO - Started process (PID=63) to work on /opt/airflow/dags/reddit_dag.py
[2026-01-19T00:54:09.785+0000] {processor.py:829} INFO - Processing file /opt/airflow/dags/reddit_dag.py for tasks to queue
[2026-01-19T00:54:09.791+0000] {logging_mixin.py:151} INFO - [2026-01-19T00:54:09.790+0000] {dagbag.py:539} INFO - Filling up the DagBag from /opt/airflow/dags/reddit_dag.py
[2026-01-19T00:54:09.796+0000] {logging_mixin.py:151} INFO - [2026-01-19T00:54:09.795+0000] {dagbag.py:347} ERROR - Failed to import: /opt/airflow/dags/reddit_dag.py
Traceback (most recent call last):
  File "/home/airflow/.local/lib/python3.9/site-packages/airflow/models/dagbag.py", line 343, in parse
    loader.exec_module(new_module)
  File "<frozen importlib._bootstrap_external>", line 850, in exec_module
  File "<frozen importlib._bootstrap>", line 228, in _call_with_frames_removed
  File "/opt/airflow/dags/reddit_dag.py", line 9, in <module>
    from pipelines.aws_s3_pipeline import upload_s3_pipeline
ModuleNotFoundError: No module named 'pipelines'
[2026-01-19T00:54:09.796+0000] {processor.py:841} WARNING - No viable dags retrieved from /opt/airflow/dags/reddit_dag.py
[2026-01-19T00:54:09.810+0000] {processor.py:179} INFO - Processing /opt/airflow/dags/reddit_dag.py took 0.031 seconds
[2026-01-19T00:54:40.109+0000] {processor.py:157} INFO - Started process (PID=64) to work on /opt/airflow/dags/reddit_dag.py
[2026-01-19T00:54:40.110+0000] {processor.py:829} INFO - Processing file /opt/airflow/dags/reddit_dag.py for tasks to queue
[2026-01-19T00:54:40.113+0000] {logging_mixin.py:151} INFO - [2026-01-19T00:54:40.112+0000] {dagbag.py:539} INFO - Filling up the DagBag from /opt/airflow/dags/reddit_dag.py
[2026-01-19T00:54:40.116+0000] {logging_mixin.py:151} INFO - [2026-01-19T00:54:40.115+0000] {dagbag.py:347} ERROR - Failed to import: /opt/airflow/dags/reddit_dag.py
Traceback (most recent call last):
  File "/home/airflow/.local/lib/python3.9/site-packages/airflow/models/dagbag.py", line 343, in parse
    loader.exec_module(new_module)
  File "<frozen importlib._bootstrap_external>", line 850, in exec_module
  File "<frozen importlib._bootstrap>", line 228, in _call_with_frames_removed
  File "/opt/airflow/dags/reddit_dag.py", line 9, in <module>
    from pipelines.aws_s3_pipeline import upload_s3_pipeline
ModuleNotFoundError: No module named 'pipelines'
[2026-01-19T00:54:40.116+0000] {processor.py:841} WARNING - No viable dags retrieved from /opt/airflow/dags/reddit_dag.py
[2026-01-19T00:54:40.128+0000] {processor.py:179} INFO - Processing /opt/airflow/dags/reddit_dag.py took 0.022 seconds
[2026-01-19T00:55:10.428+0000] {processor.py:157} INFO - Started process (PID=65) to work on /opt/airflow/dags/reddit_dag.py
[2026-01-19T00:55:10.429+0000] {processor.py:829} INFO - Processing file /opt/airflow/dags/reddit_dag.py for tasks to queue
[2026-01-19T00:55:10.432+0000] {logging_mixin.py:151} INFO - [2026-01-19T00:55:10.431+0000] {dagbag.py:539} INFO - Filling up the DagBag from /opt/airflow/dags/reddit_dag.py
[2026-01-19T00:55:10.437+0000] {logging_mixin.py:151} INFO - [2026-01-19T00:55:10.436+0000] {dagbag.py:347} ERROR - Failed to import: /opt/airflow/dags/reddit_dag.py
Traceback (most recent call last):
  File "/home/airflow/.local/lib/python3.9/site-packages/airflow/models/dagbag.py", line 343, in parse
    loader.exec_module(new_module)
  File "<frozen importlib._bootstrap_external>", line 850, in exec_module
  File "<frozen importlib._bootstrap>", line 228, in _call_with_frames_removed
  File "/opt/airflow/dags/reddit_dag.py", line 9, in <module>
    from pipelines.aws_s3_pipeline import upload_s3_pipeline
ModuleNotFoundError: No module named 'pipelines'
[2026-01-19T00:55:10.438+0000] {processor.py:841} WARNING - No viable dags retrieved from /opt/airflow/dags/reddit_dag.py
[2026-01-19T00:55:10.453+0000] {processor.py:179} INFO - Processing /opt/airflow/dags/reddit_dag.py took 0.029 seconds
[2026-01-19T00:55:40.775+0000] {processor.py:157} INFO - Started process (PID=66) to work on /opt/airflow/dags/reddit_dag.py
[2026-01-19T00:55:40.775+0000] {processor.py:829} INFO - Processing file /opt/airflow/dags/reddit_dag.py for tasks to queue
[2026-01-19T00:55:40.777+0000] {logging_mixin.py:151} INFO - [2026-01-19T00:55:40.777+0000] {dagbag.py:539} INFO - Filling up the DagBag from /opt/airflow/dags/reddit_dag.py
[2026-01-19T00:55:40.782+0000] {logging_mixin.py:151} INFO - [2026-01-19T00:55:40.781+0000] {dagbag.py:347} ERROR - Failed to import: /opt/airflow/dags/reddit_dag.py
Traceback (most recent call last):
  File "/home/airflow/.local/lib/python3.9/site-packages/airflow/models/dagbag.py", line 343, in parse
    loader.exec_module(new_module)
  File "<frozen importlib._bootstrap_external>", line 850, in exec_module
  File "<frozen importlib._bootstrap>", line 228, in _call_with_frames_removed
  File "/opt/airflow/dags/reddit_dag.py", line 9, in <module>
    from pipelines.aws_s3_pipeline import upload_s3_pipeline
ModuleNotFoundError: No module named 'pipelines'
[2026-01-19T00:55:40.782+0000] {processor.py:841} WARNING - No viable dags retrieved from /opt/airflow/dags/reddit_dag.py
[2026-01-19T00:55:40.796+0000] {processor.py:179} INFO - Processing /opt/airflow/dags/reddit_dag.py took 0.025 seconds
[2026-01-19T00:56:11.100+0000] {processor.py:157} INFO - Started process (PID=67) to work on /opt/airflow/dags/reddit_dag.py
[2026-01-19T00:56:11.101+0000] {processor.py:829} INFO - Processing file /opt/airflow/dags/reddit_dag.py for tasks to queue
[2026-01-19T00:56:11.104+0000] {logging_mixin.py:151} INFO - [2026-01-19T00:56:11.103+0000] {dagbag.py:539} INFO - Filling up the DagBag from /opt/airflow/dags/reddit_dag.py
[2026-01-19T00:56:11.109+0000] {logging_mixin.py:151} INFO - [2026-01-19T00:56:11.108+0000] {dagbag.py:347} ERROR - Failed to import: /opt/airflow/dags/reddit_dag.py
Traceback (most recent call last):
  File "/home/airflow/.local/lib/python3.9/site-packages/airflow/models/dagbag.py", line 343, in parse
    loader.exec_module(new_module)
  File "<frozen importlib._bootstrap_external>", line 850, in exec_module
  File "<frozen importlib._bootstrap>", line 228, in _call_with_frames_removed
  File "/opt/airflow/dags/reddit_dag.py", line 9, in <module>
    from pipelines.aws_s3_pipeline import upload_s3_pipeline
ModuleNotFoundError: No module named 'pipelines'
[2026-01-19T00:56:11.110+0000] {processor.py:841} WARNING - No viable dags retrieved from /opt/airflow/dags/reddit_dag.py
[2026-01-19T00:56:11.123+0000] {processor.py:179} INFO - Processing /opt/airflow/dags/reddit_dag.py took 0.029 seconds
[2026-01-19T00:56:41.447+0000] {processor.py:157} INFO - Started process (PID=68) to work on /opt/airflow/dags/reddit_dag.py
[2026-01-19T00:56:41.448+0000] {processor.py:829} INFO - Processing file /opt/airflow/dags/reddit_dag.py for tasks to queue
[2026-01-19T00:56:41.450+0000] {logging_mixin.py:151} INFO - [2026-01-19T00:56:41.450+0000] {dagbag.py:539} INFO - Filling up the DagBag from /opt/airflow/dags/reddit_dag.py
[2026-01-19T00:56:41.455+0000] {logging_mixin.py:151} INFO - [2026-01-19T00:56:41.454+0000] {dagbag.py:347} ERROR - Failed to import: /opt/airflow/dags/reddit_dag.py
Traceback (most recent call last):
  File "/home/airflow/.local/lib/python3.9/site-packages/airflow/models/dagbag.py", line 343, in parse
    loader.exec_module(new_module)
  File "<frozen importlib._bootstrap_external>", line 850, in exec_module
  File "<frozen importlib._bootstrap>", line 228, in _call_with_frames_removed
  File "/opt/airflow/dags/reddit_dag.py", line 9, in <module>
    from pipelines.aws_s3_pipeline import upload_s3_pipeline
ModuleNotFoundError: No module named 'pipelines'
[2026-01-19T00:56:41.455+0000] {processor.py:841} WARNING - No viable dags retrieved from /opt/airflow/dags/reddit_dag.py
[2026-01-19T00:56:41.468+0000] {processor.py:179} INFO - Processing /opt/airflow/dags/reddit_dag.py took 0.024 seconds
[2026-01-19T00:57:11.786+0000] {processor.py:157} INFO - Started process (PID=69) to work on /opt/airflow/dags/reddit_dag.py
[2026-01-19T00:57:11.787+0000] {processor.py:829} INFO - Processing file /opt/airflow/dags/reddit_dag.py for tasks to queue
[2026-01-19T00:57:11.789+0000] {logging_mixin.py:151} INFO - [2026-01-19T00:57:11.789+0000] {dagbag.py:539} INFO - Filling up the DagBag from /opt/airflow/dags/reddit_dag.py
[2026-01-19T00:57:11.794+0000] {logging_mixin.py:151} INFO - [2026-01-19T00:57:11.793+0000] {dagbag.py:347} ERROR - Failed to import: /opt/airflow/dags/reddit_dag.py
Traceback (most recent call last):
  File "/home/airflow/.local/lib/python3.9/site-packages/airflow/models/dagbag.py", line 343, in parse
    loader.exec_module(new_module)
  File "<frozen importlib._bootstrap_external>", line 850, in exec_module
  File "<frozen importlib._bootstrap>", line 228, in _call_with_frames_removed
  File "/opt/airflow/dags/reddit_dag.py", line 9, in <module>
    from pipelines.aws_s3_pipeline import upload_s3_pipeline
ModuleNotFoundError: No module named 'pipelines'
[2026-01-19T00:57:11.794+0000] {processor.py:841} WARNING - No viable dags retrieved from /opt/airflow/dags/reddit_dag.py
[2026-01-19T00:57:11.810+0000] {processor.py:179} INFO - Processing /opt/airflow/dags/reddit_dag.py took 0.027 seconds
[2026-01-19T00:57:42.128+0000] {processor.py:157} INFO - Started process (PID=70) to work on /opt/airflow/dags/reddit_dag.py
[2026-01-19T00:57:42.129+0000] {processor.py:829} INFO - Processing file /opt/airflow/dags/reddit_dag.py for tasks to queue
[2026-01-19T00:57:42.132+0000] {logging_mixin.py:151} INFO - [2026-01-19T00:57:42.131+0000] {dagbag.py:539} INFO - Filling up the DagBag from /opt/airflow/dags/reddit_dag.py
[2026-01-19T00:57:42.137+0000] {logging_mixin.py:151} INFO - [2026-01-19T00:57:42.136+0000] {dagbag.py:347} ERROR - Failed to import: /opt/airflow/dags/reddit_dag.py
Traceback (most recent call last):
  File "/home/airflow/.local/lib/python3.9/site-packages/airflow/models/dagbag.py", line 343, in parse
    loader.exec_module(new_module)
  File "<frozen importlib._bootstrap_external>", line 850, in exec_module
  File "<frozen importlib._bootstrap>", line 228, in _call_with_frames_removed
  File "/opt/airflow/dags/reddit_dag.py", line 9, in <module>
    from pipelines.aws_s3_pipeline import upload_s3_pipeline
ModuleNotFoundError: No module named 'pipelines'
[2026-01-19T00:57:42.137+0000] {processor.py:841} WARNING - No viable dags retrieved from /opt/airflow/dags/reddit_dag.py
[2026-01-19T00:57:42.152+0000] {processor.py:179} INFO - Processing /opt/airflow/dags/reddit_dag.py took 0.029 seconds
[2026-01-19T00:58:12.469+0000] {processor.py:157} INFO - Started process (PID=71) to work on /opt/airflow/dags/reddit_dag.py
[2026-01-19T00:58:12.470+0000] {processor.py:829} INFO - Processing file /opt/airflow/dags/reddit_dag.py for tasks to queue
[2026-01-19T00:58:12.476+0000] {logging_mixin.py:151} INFO - [2026-01-19T00:58:12.476+0000] {dagbag.py:539} INFO - Filling up the DagBag from /opt/airflow/dags/reddit_dag.py
[2026-01-19T00:58:12.482+0000] {logging_mixin.py:151} INFO - [2026-01-19T00:58:12.481+0000] {dagbag.py:347} ERROR - Failed to import: /opt/airflow/dags/reddit_dag.py
Traceback (most recent call last):
  File "/home/airflow/.local/lib/python3.9/site-packages/airflow/models/dagbag.py", line 343, in parse
    loader.exec_module(new_module)
  File "<frozen importlib._bootstrap_external>", line 850, in exec_module
  File "<frozen importlib._bootstrap>", line 228, in _call_with_frames_removed
  File "/opt/airflow/dags/reddit_dag.py", line 9, in <module>
    from pipelines.aws_s3_pipeline import upload_s3_pipeline
ModuleNotFoundError: No module named 'pipelines'
[2026-01-19T00:58:12.483+0000] {processor.py:841} WARNING - No viable dags retrieved from /opt/airflow/dags/reddit_dag.py
[2026-01-19T00:58:12.502+0000] {processor.py:179} INFO - Processing /opt/airflow/dags/reddit_dag.py took 0.039 seconds
[2026-01-19T00:58:42.819+0000] {processor.py:157} INFO - Started process (PID=72) to work on /opt/airflow/dags/reddit_dag.py
[2026-01-19T00:58:42.820+0000] {processor.py:829} INFO - Processing file /opt/airflow/dags/reddit_dag.py for tasks to queue
[2026-01-19T00:58:42.823+0000] {logging_mixin.py:151} INFO - [2026-01-19T00:58:42.823+0000] {dagbag.py:539} INFO - Filling up the DagBag from /opt/airflow/dags/reddit_dag.py
[2026-01-19T00:58:42.827+0000] {logging_mixin.py:151} INFO - [2026-01-19T00:58:42.826+0000] {dagbag.py:347} ERROR - Failed to import: /opt/airflow/dags/reddit_dag.py
Traceback (most recent call last):
  File "/home/airflow/.local/lib/python3.9/site-packages/airflow/models/dagbag.py", line 343, in parse
    loader.exec_module(new_module)
  File "<frozen importlib._bootstrap_external>", line 850, in exec_module
  File "<frozen importlib._bootstrap>", line 228, in _call_with_frames_removed
  File "/opt/airflow/dags/reddit_dag.py", line 9, in <module>
    from pipelines.aws_s3_pipeline import upload_s3_pipeline
ModuleNotFoundError: No module named 'pipelines'
[2026-01-19T00:58:42.827+0000] {processor.py:841} WARNING - No viable dags retrieved from /opt/airflow/dags/reddit_dag.py
[2026-01-19T00:58:42.838+0000] {processor.py:179} INFO - Processing /opt/airflow/dags/reddit_dag.py took 0.021 seconds
[2026-01-19T00:59:13.123+0000] {processor.py:157} INFO - Started process (PID=73) to work on /opt/airflow/dags/reddit_dag.py
[2026-01-19T00:59:13.123+0000] {processor.py:829} INFO - Processing file /opt/airflow/dags/reddit_dag.py for tasks to queue
[2026-01-19T00:59:13.126+0000] {logging_mixin.py:151} INFO - [2026-01-19T00:59:13.126+0000] {dagbag.py:539} INFO - Filling up the DagBag from /opt/airflow/dags/reddit_dag.py
[2026-01-19T00:59:13.131+0000] {logging_mixin.py:151} INFO - [2026-01-19T00:59:13.130+0000] {dagbag.py:347} ERROR - Failed to import: /opt/airflow/dags/reddit_dag.py
Traceback (most recent call last):
  File "/home/airflow/.local/lib/python3.9/site-packages/airflow/models/dagbag.py", line 343, in parse
    loader.exec_module(new_module)
  File "<frozen importlib._bootstrap_external>", line 850, in exec_module
  File "<frozen importlib._bootstrap>", line 228, in _call_with_frames_removed
  File "/opt/airflow/dags/reddit_dag.py", line 9, in <module>
    from pipelines.aws_s3_pipeline import upload_s3_pipeline
ModuleNotFoundError: No module named 'pipelines'
[2026-01-19T00:59:13.131+0000] {processor.py:841} WARNING - No viable dags retrieved from /opt/airflow/dags/reddit_dag.py
[2026-01-19T00:59:13.145+0000] {processor.py:179} INFO - Processing /opt/airflow/dags/reddit_dag.py took 0.027 seconds
[2026-01-19T00:59:43.457+0000] {processor.py:157} INFO - Started process (PID=74) to work on /opt/airflow/dags/reddit_dag.py
[2026-01-19T00:59:43.457+0000] {processor.py:829} INFO - Processing file /opt/airflow/dags/reddit_dag.py for tasks to queue
[2026-01-19T00:59:43.465+0000] {logging_mixin.py:151} INFO - [2026-01-19T00:59:43.464+0000] {dagbag.py:539} INFO - Filling up the DagBag from /opt/airflow/dags/reddit_dag.py
[2026-01-19T00:59:43.469+0000] {logging_mixin.py:151} INFO - [2026-01-19T00:59:43.468+0000] {dagbag.py:347} ERROR - Failed to import: /opt/airflow/dags/reddit_dag.py
Traceback (most recent call last):
  File "/home/airflow/.local/lib/python3.9/site-packages/airflow/models/dagbag.py", line 343, in parse
    loader.exec_module(new_module)
  File "<frozen importlib._bootstrap_external>", line 850, in exec_module
  File "<frozen importlib._bootstrap>", line 228, in _call_with_frames_removed
  File "/opt/airflow/dags/reddit_dag.py", line 9, in <module>
    from pipelines.aws_s3_pipeline import upload_s3_pipeline
ModuleNotFoundError: No module named 'pipelines'
[2026-01-19T00:59:43.469+0000] {processor.py:841} WARNING - No viable dags retrieved from /opt/airflow/dags/reddit_dag.py
[2026-01-19T00:59:43.496+0000] {processor.py:179} INFO - Processing /opt/airflow/dags/reddit_dag.py took 0.043 seconds
